<?xml version="1.0" encoding="UTF-8"?>
<testsuite name="render.RenderTests" tests="1" skipped="0" failures="0" errors="0" timestamp="2023-12-07T18:08:02" hostname="HAL-9000" time="0.056">
  <properties/>
  <testcase name="testProjectionCreation()" classname="render.RenderTests" time="0.056"/>
  <system-out><![CDATA[]]></system-out>
  <system-err><![CDATA[]]></system-err>
</testsuite>
